[2022-05-22 14:19:39,238] {processor.py:153} INFO - Started process (PID=2129) to work on /home/airflow/.local/lib/python3.8/site-packages/airflow/example_dags/example_subdag_operator.py
[2022-05-22 14:19:39,239] {processor.py:641} INFO - Processing file /home/airflow/.local/lib/python3.8/site-packages/airflow/example_dags/example_subdag_operator.py for tasks to queue
[2022-05-22 14:19:39,241] {logging_mixin.py:115} INFO - [2022-05-22 14:19:39,241] {dagbag.py:507} INFO - Filling up the DagBag from /home/airflow/.local/lib/python3.8/site-packages/airflow/example_dags/example_subdag_operator.py
[2022-05-22 14:19:39,264] {processor.py:651} INFO - DAG(s) dict_keys(['example_subdag_operator.section-1', 'example_subdag_operator.section-2', 'example_subdag_operator']) retrieved from /home/airflow/.local/lib/python3.8/site-packages/airflow/example_dags/example_subdag_operator.py
[2022-05-22 14:19:39,285] {logging_mixin.py:115} INFO - [2022-05-22 14:19:39,285] {dag.py:2371} INFO - Sync 3 DAGs
[2022-05-22 14:19:39,300] {logging_mixin.py:115} INFO - [2022-05-22 14:19:39,300] {dag.py:2915} INFO - Setting next_dagrun for example_subdag_operator to 2022-05-20T00:00:00+00:00, run_after=2022-05-20T00:00:00+00:00
[2022-05-22 14:19:39,302] {logging_mixin.py:115} INFO - [2022-05-22 14:19:39,302] {dag.py:2915} INFO - Setting next_dagrun for example_subdag_operator.section-1 to None, run_after=None
[2022-05-22 14:19:39,303] {logging_mixin.py:115} INFO - [2022-05-22 14:19:39,303] {dag.py:2915} INFO - Setting next_dagrun for example_subdag_operator.section-2 to None, run_after=None
[2022-05-22 14:19:39,308] {logging_mixin.py:115} INFO - [2022-05-22 14:19:39,308] {dag.py:2371} INFO - Sync 2 DAGs
[2022-05-22 14:19:39,312] {logging_mixin.py:115} INFO - [2022-05-22 14:19:39,312] {dag.py:2915} INFO - Setting next_dagrun for example_subdag_operator.section-1 to None, run_after=None
[2022-05-22 14:19:39,313] {logging_mixin.py:115} INFO - [2022-05-22 14:19:39,313] {dag.py:2915} INFO - Setting next_dagrun for example_subdag_operator.section-2 to None, run_after=None
[2022-05-22 14:19:39,319] {processor.py:161} INFO - Processing /home/airflow/.local/lib/python3.8/site-packages/airflow/example_dags/example_subdag_operator.py took 0.084 seconds
[2022-05-22 14:20:09,913] {processor.py:153} INFO - Started process (PID=2192) to work on /home/airflow/.local/lib/python3.8/site-packages/airflow/example_dags/example_subdag_operator.py
[2022-05-22 14:20:09,916] {processor.py:641} INFO - Processing file /home/airflow/.local/lib/python3.8/site-packages/airflow/example_dags/example_subdag_operator.py for tasks to queue
[2022-05-22 14:20:09,917] {logging_mixin.py:115} INFO - [2022-05-22 14:20:09,917] {dagbag.py:507} INFO - Filling up the DagBag from /home/airflow/.local/lib/python3.8/site-packages/airflow/example_dags/example_subdag_operator.py
[2022-05-22 14:20:09,944] {processor.py:651} INFO - DAG(s) dict_keys(['example_subdag_operator.section-1', 'example_subdag_operator.section-2', 'example_subdag_operator']) retrieved from /home/airflow/.local/lib/python3.8/site-packages/airflow/example_dags/example_subdag_operator.py
[2022-05-22 14:20:09,964] {logging_mixin.py:115} INFO - [2022-05-22 14:20:09,964] {dag.py:2371} INFO - Sync 3 DAGs
[2022-05-22 14:20:09,976] {logging_mixin.py:115} INFO - [2022-05-22 14:20:09,976] {dag.py:2915} INFO - Setting next_dagrun for example_subdag_operator to 2022-05-20T00:00:00+00:00, run_after=2022-05-20T00:00:00+00:00
[2022-05-22 14:20:09,977] {logging_mixin.py:115} INFO - [2022-05-22 14:20:09,977] {dag.py:2915} INFO - Setting next_dagrun for example_subdag_operator.section-1 to None, run_after=None
[2022-05-22 14:20:09,978] {logging_mixin.py:115} INFO - [2022-05-22 14:20:09,978] {dag.py:2915} INFO - Setting next_dagrun for example_subdag_operator.section-2 to None, run_after=None
[2022-05-22 14:20:09,981] {logging_mixin.py:115} INFO - [2022-05-22 14:20:09,981] {dag.py:2371} INFO - Sync 2 DAGs
[2022-05-22 14:20:09,985] {logging_mixin.py:115} INFO - [2022-05-22 14:20:09,985] {dag.py:2915} INFO - Setting next_dagrun for example_subdag_operator.section-1 to None, run_after=None
[2022-05-22 14:20:09,987] {logging_mixin.py:115} INFO - [2022-05-22 14:20:09,987] {dag.py:2915} INFO - Setting next_dagrun for example_subdag_operator.section-2 to None, run_after=None
[2022-05-22 14:20:09,992] {processor.py:161} INFO - Processing /home/airflow/.local/lib/python3.8/site-packages/airflow/example_dags/example_subdag_operator.py took 0.084 seconds
